TN:
SF:src/App.js
FN:10,App
FN:25,(anonymous_1)
FN:34,(anonymous_2)
FN:35,(anonymous_3)
FN:48,(anonymous_4)
FN:52,(anonymous_5)
FN:63,(anonymous_6)
FN:69,(anonymous_7)
FN:72,(anonymous_8)
FN:73,(anonymous_9)
FN:73,(anonymous_10)
FN:76,(anonymous_11)
FN:78,(anonymous_12)
FN:80,(anonymous_13)
FN:98,(anonymous_14)
FN:99,(anonymous_15)
FN:101,(anonymous_16)
FN:111,(anonymous_17)
FN:187,(anonymous_18)
FN:192,(anonymous_19)
FNF:20
FNH:3
FNDA:3,App
FNDA:0,(anonymous_1)
FNDA:0,(anonymous_2)
FNDA:0,(anonymous_3)
FNDA:0,(anonymous_4)
FNDA:0,(anonymous_5)
FNDA:0,(anonymous_6)
FNDA:0,(anonymous_7)
FNDA:0,(anonymous_8)
FNDA:0,(anonymous_9)
FNDA:0,(anonymous_10)
FNDA:0,(anonymous_11)
FNDA:0,(anonymous_12)
FNDA:0,(anonymous_13)
FNDA:3,(anonymous_14)
FNDA:0,(anonymous_15)
FNDA:0,(anonymous_16)
FNDA:3,(anonymous_17)
FNDA:0,(anonymous_18)
FNDA:0,(anonymous_19)
DA:11,3
DA:20,3
DA:22,3
DA:23,3
DA:25,3
DA:26,0
DA:27,0
DA:28,0
DA:30,0
DA:34,3
DA:35,0
DA:36,0
DA:38,0
DA:41,0
DA:42,0
DA:44,0
DA:48,3
DA:49,0
DA:50,0
DA:52,0
DA:53,0
DA:54,0
DA:55,0
DA:57,0
DA:59,0
DA:63,3
DA:64,0
DA:69,0
DA:72,3
DA:73,0
DA:76,3
DA:78,0
DA:79,0
DA:80,0
DA:83,0
DA:86,0
DA:89,0
DA:90,0
DA:92,0
DA:98,3
DA:99,3
DA:100,0
DA:101,0
DA:102,0
DA:103,0
DA:104,0
DA:110,3
DA:111,3
DA:115,3
DA:116,0
DA:127,3
DA:128,0
DA:131,3
DA:132,0
DA:143,3
DA:144,0
DA:154,3
DA:188,0
DA:192,0
LF:59
LH:19
BRDA:36,0,0,0
BRDA:36,0,1,0
BRDA:36,1,0,0
BRDA:36,1,1,0
BRDA:63,2,0,0
BRDA:79,3,0,0
BRDA:79,3,1,0
BRDA:79,4,0,0
BRDA:79,4,1,0
BRDA:79,4,2,0
BRDA:102,5,0,0
BRDA:102,5,1,0
BRDA:102,6,0,0
BRDA:102,6,1,0
BRDA:102,6,2,0
BRDA:103,7,0,0
BRDA:103,7,1,0
BRDA:115,8,0,0
BRDA:115,8,1,3
BRDA:127,9,0,0
BRDA:127,9,1,3
BRDA:131,10,0,0
BRDA:131,10,1,3
BRDA:143,11,0,0
BRDA:143,11,1,3
BRF:25
BRH:4
end_of_record
TN:
SF:src/components/Login.js
FN:5,(anonymous_0)
FN:8,(anonymous_1)
FNF:2
FNH:1
FNDA:4,(anonymous_0)
FNDA:0,(anonymous_1)
DA:5,2
DA:6,4
DA:8,4
DA:9,0
DA:10,0
DA:12,0
DA:16,4
DA:17,0
DA:27,4
LF:9
LH:5
BRDA:16,0,0,0
BRDA:16,0,1,4
BRF:2
BRH:1
end_of_record
TN:
SF:src/components/Notification.js
FN:3,(anonymous_0)
FN:4,(anonymous_1)
FN:5,(anonymous_2)
FN:9,(anonymous_3)
FNF:4
FNH:4
FNDA:17,(anonymous_0)
FNDA:14,(anonymous_1)
FNDA:12,(anonymous_2)
FNDA:14,(anonymous_3)
DA:3,2
DA:4,17
DA:5,14
DA:6,12
DA:9,14
DA:12,17
LF:6
LH:6
BRDA:3,0,0,0
BRDA:3,1,0,17
BRDA:16,2,0,2
BRDA:16,2,1,15
BRDA:16,3,0,3
BRDA:16,3,1,12
BRF:6
BRH:5
end_of_record
TN:
SF:src/components/TaskForm.js
FN:3,(anonymous_0)
FN:8,(anonymous_1)
FN:33,(anonymous_2)
FN:44,(anonymous_3)
FN:57,(anonymous_4)
FNF:5
FNH:5
FNDA:40,(anonymous_0)
FNDA:8,(anonymous_1)
FNDA:8,(anonymous_2)
FNDA:7,(anonymous_3)
FNDA:3,(anonymous_4)
DA:3,2
DA:4,40
DA:5,40
DA:6,40
DA:8,40
DA:9,8
DA:10,8
DA:12,6
DA:17,6
DA:18,6
DA:19,6
DA:20,6
DA:23,40
DA:33,8
DA:44,7
DA:57,3
LF:16
LH:16
BRDA:10,0,0,2
BRDA:10,0,1,6
BRDA:14,1,0,2
BRDA:14,1,1,4
BRDA:14,2,0,6
BRDA:14,2,1,3
BRDA:50,3,0,40
BRDA:50,3,1,9
BRF:8
BRH:8
end_of_record
TN:
SF:src/components/TaskItem.js
FN:3,(anonymous_0)
FN:4,(anonymous_1)
FN:29,(anonymous_2)
FN:43,(anonymous_3)
FN:66,(anonymous_4)
FNF:5
FNH:5
FNDA:15,(anonymous_0)
FNDA:15,(anonymous_1)
FNDA:15,(anonymous_2)
FNDA:1,(anonymous_3)
FNDA:1,(anonymous_4)
DA:3,2
DA:4,15
DA:5,15
DA:7,8
DA:9,8
DA:10,4
DA:13,4
DA:14,4
DA:15,4
DA:17,4
DA:18,4
DA:19,1
DA:20,3
DA:21,2
DA:23,1
DA:26,4
DA:29,15
DA:30,15
DA:33,15
DA:35,15
DA:43,1
DA:66,1
LF:22
LH:22
BRDA:5,0,0,7
BRDA:5,0,1,8
BRDA:9,1,0,4
BRDA:9,1,1,4
BRDA:18,2,0,1
BRDA:18,2,1,3
BRDA:20,3,0,2
BRDA:20,3,1,1
BRDA:36,4,0,2
BRDA:36,4,1,13
BRDA:36,5,0,4
BRDA:36,5,1,11
BRDA:36,6,0,15
BRDA:36,6,1,11
BRDA:53,7,0,15
BRDA:53,7,1,8
BRDA:54,8,0,4
BRDA:54,8,1,4
BRDA:55,9,0,4
BRDA:55,9,1,4
BRF:20
BRH:20
end_of_record
TN:
SF:src/components/TaskList.js
FN:4,(anonymous_0)
FN:7,(anonymous_1)
FN:8,(anonymous_2)
FN:12,(anonymous_3)
FN:26,(anonymous_4)
FN:27,(anonymous_5)
FN:37,(anonymous_6)
FN:54,(anonymous_7)
FNF:8
FNH:7
FNDA:16,(anonymous_0)
FNDA:15,(anonymous_1)
FNDA:0,(anonymous_2)
FNDA:15,(anonymous_3)
FNDA:28,(anonymous_4)
FNDA:28,(anonymous_5)
FNDA:18,(anonymous_6)
FNDA:10,(anonymous_7)
DA:4,2
DA:5,16
DA:7,16
DA:8,15
DA:9,0
DA:12,15
DA:15,16
DA:16,4
DA:26,28
DA:27,28
DA:29,12
DA:38,18
DA:55,10
LF:13
LH:12
BRDA:15,0,0,4
BRDA:15,0,1,12
BRDA:33,1,0,12
BRDA:33,1,1,11
BRDA:50,2,0,12
BRDA:50,2,1,5
BRF:6
BRH:6
end_of_record
TN:
SF:src/contexts/AuthContext.js
FN:6,(anonymous_0)
FN:14,(anonymous_1)
FN:18,(anonymous_2)
FN:20,(anonymous_3)
FN:30,(anonymous_4)
FN:36,(anonymous_5)
FN:39,(anonymous_6)
FN:54,(anonymous_7)
FNF:8
FNH:0
FNDA:0,(anonymous_0)
FNDA:0,(anonymous_1)
FNDA:0,(anonymous_2)
FNDA:0,(anonymous_3)
FNDA:0,(anonymous_4)
FNDA:0,(anonymous_5)
FNDA:0,(anonymous_6)
FNDA:0,(anonymous_7)
DA:4,1
DA:6,1
DA:7,0
DA:8,0
DA:9,0
DA:11,0
DA:14,1
DA:15,0
DA:16,0
DA:18,0
DA:20,0
DA:21,0
DA:22,0
DA:23,0
DA:26,0
DA:29,0
DA:31,0
DA:32,0
DA:36,0
DA:39,0
DA:40,0
DA:41,0
DA:47,0
DA:49,0
DA:50,0
DA:54,0
DA:55,0
DA:56,0
DA:57,0
DA:59,0
DA:60,0
DA:64,0
DA:72,0
LF:33
LH:3
BRDA:8,0,0,0
BRDA:8,0,1,0
BRDA:22,1,0,0
BRDA:22,1,1,0
BRDA:31,2,0,0
BRDA:31,2,1,0
BRDA:47,3,0,0
BRDA:47,3,1,0
BRDA:57,4,0,0
BRDA:57,4,1,0
BRF:10
BRH:0
end_of_record
TN:
SF:src/hooks/useTasks.js
FN:5,(anonymous_0)
FN:12,(anonymous_1)
FN:39,(anonymous_2)
FN:61,(anonymous_3)
FN:71,(anonymous_4)
FN:82,(anonymous_5)
FN:82,(anonymous_6)
FN:94,(anonymous_7)
FN:103,(anonymous_8)
FN:103,(anonymous_9)
FN:112,(anonymous_10)
FN:113,(anonymous_11)
FN:120,(anonymous_12)
FN:125,(anonymous_13)
FN:142,(anonymous_14)
FN:144,(anonymous_15)
FN:146,(anonymous_16)
FN:146,(anonymous_17)
FN:150,(anonymous_18)
FN:150,(anonymous_19)
FN:156,(anonymous_20)
FNF:21
FNH:0
FNDA:0,(anonymous_0)
FNDA:0,(anonymous_1)
FNDA:0,(anonymous_2)
FNDA:0,(anonymous_3)
FNDA:0,(anonymous_4)
FNDA:0,(anonymous_5)
FNDA:0,(anonymous_6)
FNDA:0,(anonymous_7)
FNDA:0,(anonymous_8)
FNDA:0,(anonymous_9)
FNDA:0,(anonymous_10)
FNDA:0,(anonymous_11)
FNDA:0,(anonymous_12)
FNDA:0,(anonymous_13)
FNDA:0,(anonymous_14)
FNDA:0,(anonymous_15)
FNDA:0,(anonymous_16)
FNDA:0,(anonymous_17)
FNDA:0,(anonymous_18)
FNDA:0,(anonymous_19)
FNDA:0,(anonymous_20)
DA:5,1
DA:6,0
DA:7,0
DA:8,0
DA:9,0
DA:12,0
DA:13,0
DA:14,0
DA:15,0
DA:16,0
DA:19,0
DA:20,0
DA:21,0
DA:27,0
DA:29,0
DA:31,0
DA:32,0
DA:34,0
DA:39,0
DA:40,0
DA:41,0
DA:44,0
DA:45,0
DA:53,0
DA:59,0
DA:61,0
DA:62,0
DA:64,0
DA:65,0
DA:66,0
DA:71,0
DA:72,0
DA:73,0
DA:80,0
DA:82,0
DA:83,0
DA:85,0
DA:87,0
DA:88,0
DA:89,0
DA:94,0
DA:95,0
DA:96,0
DA:101,0
DA:103,0
DA:105,0
DA:106,0
DA:107,0
DA:112,0
DA:113,0
DA:114,0
DA:116,0
DA:120,0
DA:121,0
DA:125,0
DA:126,0
DA:128,0
DA:129,0
DA:133,0
DA:143,0
DA:144,0
DA:145,0
DA:146,0
DA:147,0
DA:149,0
DA:150,0
DA:156,0
DA:157,0
DA:161,0
LF:69
LH:1
BRDA:13,0,0,0
BRDA:13,0,1,0
BRDA:27,1,0,0
BRDA:27,1,1,0
BRDA:29,2,0,0
BRDA:29,2,1,0
BRDA:40,3,0,0
BRDA:40,3,1,0
BRDA:47,4,0,0
BRDA:47,4,1,0
BRDA:59,5,0,0
BRDA:59,5,1,0
BRDA:80,6,0,0
BRDA:80,6,1,0
BRDA:83,7,0,0
BRDA:83,7,1,0
BRDA:101,8,0,0
BRDA:101,8,1,0
BRDA:114,9,0,0
BRDA:114,9,1,0
BRDA:128,10,0,0
BRDA:128,10,1,0
BRDA:143,11,0,0
BRDA:143,11,1,0
BRDA:145,12,0,0
BRDA:145,12,1,0
BRDA:147,13,0,0
BRDA:147,13,1,0
BRDA:149,14,0,0
BRDA:149,14,1,0
BRF:30
BRH:0
end_of_record
TN:
SF:src/lib/supabase.js
FNF:0
FNH:0
DA:4,1
DA:5,1
DA:7,1
DA:8,0
DA:11,1
LF:5
LH:4
BRDA:7,0,0,0
BRDA:7,0,1,1
BRDA:7,1,0,1
BRDA:7,1,1,1
BRF:4
BRH:3
end_of_record
