TN:
SF:src/App.js
FN:8,App
FN:22,(anonymous_1)
FN:31,(anonymous_2)
FN:32,(anonymous_3)
FN:45,(anonymous_4)
FN:49,(anonymous_5)
FN:60,(anonymous_6)
FN:66,(anonymous_7)
FN:69,(anonymous_8)
FN:70,(anonymous_9)
FN:70,(anonymous_10)
FN:73,(anonymous_11)
FN:75,(anonymous_12)
FN:77,(anonymous_13)
FN:95,(anonymous_14)
FN:96,(anonymous_15)
FN:98,(anonymous_16)
FN:108,(anonymous_17)
FN:154,(anonymous_18)
FN:159,(anonymous_19)
FNF:20
FNH:3
FNDA:3,App
FNDA:0,(anonymous_1)
FNDA:0,(anonymous_2)
FNDA:0,(anonymous_3)
FNDA:0,(anonymous_4)
FNDA:0,(anonymous_5)
FNDA:0,(anonymous_6)
FNDA:0,(anonymous_7)
FNDA:0,(anonymous_8)
FNDA:0,(anonymous_9)
FNDA:0,(anonymous_10)
FNDA:0,(anonymous_11)
FNDA:0,(anonymous_12)
FNDA:0,(anonymous_13)
FNDA:3,(anonymous_14)
FNDA:0,(anonymous_15)
FNDA:0,(anonymous_16)
FNDA:3,(anonymous_17)
FNDA:0,(anonymous_18)
FNDA:0,(anonymous_19)
DA:17,3
DA:19,3
DA:20,3
DA:22,3
DA:23,0
DA:24,0
DA:25,0
DA:27,0
DA:31,3
DA:32,0
DA:33,0
DA:35,0
DA:38,0
DA:39,0
DA:41,0
DA:45,3
DA:46,0
DA:47,0
DA:49,0
DA:50,0
DA:51,0
DA:52,0
DA:54,0
DA:56,0
DA:60,3
DA:61,0
DA:66,0
DA:69,3
DA:70,0
DA:73,3
DA:75,0
DA:76,0
DA:77,0
DA:80,0
DA:83,0
DA:86,0
DA:87,0
DA:89,0
DA:95,3
DA:96,3
DA:97,0
DA:98,0
DA:99,0
DA:100,0
DA:101,0
DA:107,3
DA:108,3
DA:111,3
DA:112,0
DA:122,3
DA:123,0
DA:134,3
DA:155,0
DA:159,0
LF:54
LH:16
BRDA:33,0,0,0
BRDA:33,0,1,0
BRDA:33,1,0,0
BRDA:33,1,1,0
BRDA:60,2,0,0
BRDA:76,3,0,0
BRDA:76,3,1,0
BRDA:76,4,0,0
BRDA:76,4,1,0
BRDA:76,4,2,0
BRDA:99,5,0,0
BRDA:99,5,1,0
BRDA:99,6,0,0
BRDA:99,6,1,0
BRDA:99,6,2,0
BRDA:100,7,0,0
BRDA:100,7,1,0
BRDA:111,8,0,0
BRDA:111,8,1,3
BRDA:122,9,0,0
BRDA:122,9,1,3
BRF:21
BRH:2
end_of_record
TN:
SF:src/components/Notification.js
FN:3,(anonymous_0)
FN:4,(anonymous_1)
FN:5,(anonymous_2)
FN:9,(anonymous_3)
FNF:4
FNH:4
FNDA:17,(anonymous_0)
FNDA:14,(anonymous_1)
FNDA:12,(anonymous_2)
FNDA:14,(anonymous_3)
DA:3,2
DA:4,17
DA:5,14
DA:6,12
DA:9,14
DA:12,17
LF:6
LH:6
BRDA:3,0,0,0
BRDA:3,1,0,17
BRDA:16,2,0,2
BRDA:16,2,1,15
BRDA:16,3,0,3
BRDA:16,3,1,12
BRF:6
BRH:5
end_of_record
TN:
SF:src/components/TaskForm.js
FN:3,(anonymous_0)
FN:8,(anonymous_1)
FN:33,(anonymous_2)
FN:44,(anonymous_3)
FN:57,(anonymous_4)
FNF:5
FNH:5
FNDA:40,(anonymous_0)
FNDA:8,(anonymous_1)
FNDA:8,(anonymous_2)
FNDA:7,(anonymous_3)
FNDA:3,(anonymous_4)
DA:3,2
DA:4,40
DA:5,40
DA:6,40
DA:8,40
DA:9,8
DA:10,8
DA:12,6
DA:17,6
DA:18,6
DA:19,6
DA:20,6
DA:23,40
DA:33,8
DA:44,7
DA:57,3
LF:16
LH:16
BRDA:10,0,0,2
BRDA:10,0,1,6
BRDA:14,1,0,2
BRDA:14,1,1,4
BRDA:14,2,0,6
BRDA:14,2,1,3
BRDA:50,3,0,40
BRDA:50,3,1,9
BRF:8
BRH:8
end_of_record
TN:
SF:src/components/TaskItem.js
FN:3,(anonymous_0)
FN:4,(anonymous_1)
FN:29,(anonymous_2)
FN:43,(anonymous_3)
FN:66,(anonymous_4)
FNF:5
FNH:5
FNDA:15,(anonymous_0)
FNDA:15,(anonymous_1)
FNDA:15,(anonymous_2)
FNDA:1,(anonymous_3)
FNDA:1,(anonymous_4)
DA:3,2
DA:4,15
DA:5,15
DA:7,8
DA:9,8
DA:10,4
DA:13,4
DA:14,4
DA:15,4
DA:17,4
DA:18,4
DA:19,1
DA:20,3
DA:21,2
DA:23,1
DA:26,4
DA:29,15
DA:30,15
DA:33,15
DA:35,15
DA:43,1
DA:66,1
LF:22
LH:22
BRDA:5,0,0,7
BRDA:5,0,1,8
BRDA:9,1,0,4
BRDA:9,1,1,4
BRDA:18,2,0,1
BRDA:18,2,1,3
BRDA:20,3,0,2
BRDA:20,3,1,1
BRDA:36,4,0,2
BRDA:36,4,1,13
BRDA:36,5,0,4
BRDA:36,5,1,11
BRDA:36,6,0,15
BRDA:36,6,1,11
BRDA:53,7,0,15
BRDA:53,7,1,8
BRDA:54,8,0,4
BRDA:54,8,1,4
BRDA:55,9,0,4
BRDA:55,9,1,4
BRF:20
BRH:20
end_of_record
TN:
SF:src/components/TaskList.js
FN:4,(anonymous_0)
FN:7,(anonymous_1)
FN:8,(anonymous_2)
FN:12,(anonymous_3)
FN:26,(anonymous_4)
FN:27,(anonymous_5)
FN:37,(anonymous_6)
FN:54,(anonymous_7)
FNF:8
FNH:7
FNDA:16,(anonymous_0)
FNDA:15,(anonymous_1)
FNDA:0,(anonymous_2)
FNDA:15,(anonymous_3)
FNDA:28,(anonymous_4)
FNDA:28,(anonymous_5)
FNDA:18,(anonymous_6)
FNDA:10,(anonymous_7)
DA:4,2
DA:5,16
DA:7,16
DA:8,15
DA:9,0
DA:12,15
DA:15,16
DA:16,4
DA:26,28
DA:27,28
DA:29,12
DA:38,18
DA:55,10
LF:13
LH:12
BRDA:15,0,0,4
BRDA:15,0,1,12
BRDA:33,1,0,12
BRDA:33,1,1,11
BRDA:50,2,0,12
BRDA:50,2,1,5
BRF:6
BRH:6
end_of_record
TN:
SF:src/hooks/useTasks.js
FN:4,(anonymous_0)
FN:10,(anonymous_1)
FN:30,(anonymous_2)
FN:47,(anonymous_3)
FN:57,(anonymous_4)
FN:68,(anonymous_5)
FN:68,(anonymous_6)
FN:80,(anonymous_7)
FN:89,(anonymous_8)
FN:89,(anonymous_9)
FN:98,(anonymous_10)
FN:99,(anonymous_11)
FN:106,(anonymous_12)
FN:111,(anonymous_13)
FN:119,(anonymous_14)
FN:121,(anonymous_15)
FN:123,(anonymous_16)
FN:123,(anonymous_17)
FN:127,(anonymous_18)
FN:127,(anonymous_19)
FN:133,(anonymous_20)
FNF:21
FNH:0
FNDA:0,(anonymous_0)
FNDA:0,(anonymous_1)
FNDA:0,(anonymous_2)
FNDA:0,(anonymous_3)
FNDA:0,(anonymous_4)
FNDA:0,(anonymous_5)
FNDA:0,(anonymous_6)
FNDA:0,(anonymous_7)
FNDA:0,(anonymous_8)
FNDA:0,(anonymous_9)
FNDA:0,(anonymous_10)
FNDA:0,(anonymous_11)
FNDA:0,(anonymous_12)
FNDA:0,(anonymous_13)
FNDA:0,(anonymous_14)
FNDA:0,(anonymous_15)
FNDA:0,(anonymous_16)
FNDA:0,(anonymous_17)
FNDA:0,(anonymous_18)
FNDA:0,(anonymous_19)
FNDA:0,(anonymous_20)
DA:4,1
DA:5,0
DA:6,0
DA:7,0
DA:10,0
DA:11,0
DA:12,0
DA:13,0
DA:18,0
DA:20,0
DA:22,0
DA:23,0
DA:25,0
DA:30,0
DA:31,0
DA:32,0
DA:39,0
DA:45,0
DA:47,0
DA:48,0
DA:50,0
DA:51,0
DA:52,0
DA:57,0
DA:58,0
DA:59,0
DA:66,0
DA:68,0
DA:69,0
DA:71,0
DA:73,0
DA:74,0
DA:75,0
DA:80,0
DA:81,0
DA:82,0
DA:87,0
DA:89,0
DA:91,0
DA:92,0
DA:93,0
DA:98,0
DA:99,0
DA:100,0
DA:102,0
DA:106,0
DA:107,0
DA:111,0
DA:112,0
DA:115,0
DA:120,0
DA:121,0
DA:122,0
DA:123,0
DA:124,0
DA:126,0
DA:127,0
DA:133,0
DA:134,0
DA:138,0
LF:60
LH:1
BRDA:18,0,0,0
BRDA:18,0,1,0
BRDA:20,1,0,0
BRDA:20,1,1,0
BRDA:34,2,0,0
BRDA:34,2,1,0
BRDA:45,3,0,0
BRDA:45,3,1,0
BRDA:66,4,0,0
BRDA:66,4,1,0
BRDA:69,5,0,0
BRDA:69,5,1,0
BRDA:87,6,0,0
BRDA:87,6,1,0
BRDA:100,7,0,0
BRDA:100,7,1,0
BRDA:120,8,0,0
BRDA:120,8,1,0
BRDA:122,9,0,0
BRDA:122,9,1,0
BRDA:124,10,0,0
BRDA:124,10,1,0
BRDA:126,11,0,0
BRDA:126,11,1,0
BRF:24
BRH:0
end_of_record
TN:
SF:src/lib/supabase.js
FNF:0
FNH:0
DA:4,1
DA:5,1
DA:7,1
DA:8,0
DA:11,1
LF:5
LH:4
BRDA:7,0,0,0
BRDA:7,0,1,1
BRDA:7,1,0,1
BRDA:7,1,1,1
BRF:4
BRH:3
end_of_record
